# JRE version: OpenJDK Runtime Environment Temurin-21.0.11+10 (21.0.11+10) (build 21.0.11+10-LTS)
# Java VM: OpenJDK 64-Bit Server VM Temurin-21.0.11+10 (21.0.11+10-LTS, mixed mode, sharing, tiered, compressed oops, compressed class ptrs, parallel gc, windows-amd64)
GC Precious Log:
 CardTable entry size: 512
 CPUs: 12 total, 12 available
 Memory: 6986M
 Large Page Support: Disabled
 NUMA Support: Disabled
 Compressed Oops: Enabled (32-bit)
 Alignments: Space 512K, Generation 512K, Heap 2M
 Heap Min Capacity: 100M
 Heap Initial Capacity: 100M
 Heap Max Capacity: 2G
 Pre-touch: Disabled
 Parallel Workers: 10
Heap:
 PSYoungGen      total 15872K, used 15827K [0x00000000d5580000, 0x00000000d6880000, 0x0000000100000000)
  eden space 15360K, 99% used [0x00000000d5580000,0x00000000d6478a78,0x00000000d6480000)
  from space 512K, 97% used [0x00000000d6680000,0x00000000d66fc440,0x00000000d6700000)
  to   space 2048K, 0% used [0x00000000d6480000,0x00000000d6480000,0x00000000d6680000)
 ParOldGen       total 68608K, used 59475K [0x0000000080000000, 0x0000000084300000, 0x00000000d5580000)
  object space 68608K, 86% used [0x0000000080000000,0x0000000083a14fa0,0x0000000084300000)
 Metaspace       used 60127K, committed 61632K, reserved 1114112K
  class space    used 6426K, committed 7040K, reserved 1048576K
GC Heap History (20 events):
Event: 17.110 GC heap before
{Heap before GC invocations=57 (full 3):
 PSYoungGen      total 17920K, used 17914K [0x00000000d5580000, 0x00000000d6a00000, 0x0000000100000000)
  eden space 16896K, 100% used [0x00000000d5580000,0x00000000d6600000,0x00000000d6600000)
  from space 1024K, 99% used [0x00000000d6600000,0x00000000d66feb50,0x00000000d6700000)
  to   space 2048K, 0% used [0x00000000d6800000,0x00000000d6800000,0x00000000d6a00000)
 ParOldGen       total 68608K, used 51897K [0x0000000080000000, 0x0000000084300000, 0x00000000d5580000)
  object space 68608K, 75% used [0x0000000080000000,0x00000000832ae5e8,0x0000000084300000)
 Metaspace       used 59475K, committed 60928K, reserved 1114112K
  class space    used 6369K, committed 6976K, reserved 1048576K
}
Event: 17.113 GC heap after
{Heap after GC invocations=57 (full 3):
 PSYoungGen      total 17920K, used 732K [0x00000000d5580000, 0x00000000d6900000, 0x0000000100000000)
  eden space 16896K, 0% used [0x00000000d5580000,0x00000000d5580000,0x00000000d6600000)
  from space 1024K, 71% used [0x00000000d6800000,0x00000000d68b7098,0x00000000d6900000)
  to   space 1536K, 0% used [0x00000000d6600000,0x00000000d6600000,0x00000000d6780000)
 ParOldGen       total 68608K, used 52865K [0x0000000080000000, 0x0000000084300000, 0x00000000d5580000)
  object space 68608K, 77% used [0x0000000080000000,0x00000000833a0408,0x0000000084300000)
 Metaspace       used 59475K, committed 60928K, reserved 1114112K
  class space    used 6369K, committed 6976K, reserved 1048576K
}
Event: 17.178 GC heap before
{Heap before GC invocations=58 (full 3):
 PSYoungGen      total 17920K, used 17628K [0x00000000d5580000, 0x00000000d6900000, 0x0000000100000000)
  eden space 16896K, 100% used [0x00000000d5580000,0x00000000d6600000,0x00000000d6600000)
  from space 1024K, 71% used [0x00000000d6800000,0x00000000d68b7098,0x00000000d6900000)
  to   space 1536K, 0% used [0x00000000d6600000,0x00000000d6600000,0x00000000d6780000)
 ParOldGen       total 68608K, used 52865K [0x0000000080000000, 0x0000000084300000, 0x00000000d5580000)
  object space 68608K, 77% used [0x0000000080000000,0x00000000833a0408,0x0000000084300000)
 Metaspace       used 59515K, committed 60928K, reserved 1114112K
  class space    used 6377K, committed 6976K, reserved 1048576K
}
Event: 17.181 GC heap after
{Heap after GC invocations=58 (full 3):
 PSYoungGen      total 18432K, used 937K [0x00000000d5580000, 0x00000000d6880000, 0x0000000100000000)
  eden space 16896K, 0% used [0x00000000d5580000,0x00000000d5580000,0x00000000d6600000)
  from space 1536K, 61% used [0x00000000d6600000,0x00000000d66ea630,0x00000000d6780000)
  to   space 1024K, 0% used [0x00000000d6780000,0x00000000d6780000,0x00000000d6880000)
 ParOldGen       total 68608K, used 53386K [0x0000000080000000, 0x0000000084300000, 0x00000000d5580000)
  object space 68608K, 77% used [0x0000000080000000,0x00000000834229c0,0x0000000084300000)
 Metaspace       used 59515K, committed 60928K, reserved 1114112K
  class space    used 6377K, committed 6976K, reserved 1048576K
}
Event: 17.224 GC heap before
{Heap before GC invocations=59 (full 3):
 PSYoungGen      total 18432K, used 17833K [0x00000000d5580000, 0x00000000d6880000, 0x0000000100000000)
  eden space 16896K, 100% used [0x00000000d5580000,0x00000000d6600000,0x00000000d6600000)
  from space 1536K, 61% used [0x00000000d6600000,0x00000000d66ea630,0x00000000d6780000)
  to   space 1024K, 0% used [0x00000000d6780000,0x00000000d6780000,0x00000000d6880000)
 ParOldGen       total 68608K, used 53386K [0x0000000080000000, 0x0000000084300000, 0x00000000d5580000)
  object space 68608K, 77% used [0x0000000080000000,0x00000000834229c0,0x0000000084300000)
 Metaspace       used 59539K, committed 60928K, reserved 1114112K
  class space    used 6380K, committed 6976K, reserved 1048576K
}
Event: 17.227 GC heap after
{Heap after GC invocations=59 (full 3):
 PSYoungGen      total 17920K, used 951K [0x00000000d5580000, 0x00000000d6880000, 0x0000000100000000)
  eden space 16896K, 0% used [0x00000000d5580000,0x00000000d5580000,0x00000000d6600000)
  from space 1024K, 92% used [0x00000000d6780000,0x00000000d686df80,0x00000000d6880000)
  to   space 1024K, 0% used [0x00000000d6680000,0x00000000d6680000,0x00000000d6780000)
 ParOldGen       total 68608K, used 54118K [0x0000000080000000, 0x0000000084300000, 0x00000000d5580000)
  object space 68608K, 78% used [0x0000000080000000,0x00000000834d9a58,0x0000000084300000)
 Metaspace       used 59539K, committed 60928K, reserved 1114112K
  class space    used 6380K, committed 6976K, reserved 1048576K
}
Event: 17.322 GC heap before
{Heap before GC invocations=60 (full 3):
 PSYoungGen      total 17920K, used 17847K [0x00000000d5580000, 0x00000000d6880000, 0x0000000100000000)
  eden space 16896K, 100% used [0x00000000d5580000,0x00000000d6600000,0x00000000d6600000)
  from space 1024K, 92% used [0x00000000d6780000,0x00000000d686df80,0x00000000d6880000)
  to   space 1024K, 0% used [0x00000000d6680000,0x00000000d6680000,0x00000000d6780000)
 ParOldGen       total 68608K, used 54118K [0x0000000080000000, 0x0000000084300000, 0x00000000d5580000)
  object space 68608K, 78% used [0x0000000080000000,0x00000000834d9a58,0x0000000084300000)
 Metaspace       used 59542K, committed 60928K, reserved 1114112K
  class space    used 6380K, committed 6976K, reserved 1048576K
}
Event: 17.329 GC heap after
{Heap after GC invocations=60 (full 3):
 PSYoungGen      total 17920K, used 607K [0x00000000d5580000, 0x00000000d6800000, 0x0000000100000000)
  eden space 16896K, 0% used [0x00000000d5580000,0x00000000d5580000,0x00000000d6600000)
  from space 1024K, 59% used [0x00000000d6680000,0x00000000d6717eb8,0x00000000d6780000)
  to   space 512K, 0% used [0x00000000d6780000,0x00000000d6780000,0x00000000d6800000)
 ParOldGen       total 68608K, used 54779K [0x0000000080000000, 0x0000000084300000, 0x00000000d5580000)
  object space 68608K, 79% used [0x0000000080000000,0x000000008357ec38,0x0000000084300000)
 Metaspace       used 59542K, committed 60928K, reserved 1114112K
  class space    used 6380K, committed 6976K, reserved 1048576K
}
Event: 17.437 GC heap before
{Heap before GC invocations=61 (full 3):
 PSYoungGen      total 17920K, used 17503K [0x00000000d5580000, 0x00000000d6800000, 0x0000000100000000)
  eden space 16896K, 100% used [0x00000000d5580000,0x00000000d6600000,0x00000000d6600000)
  from space 1024K, 59% used [0x00000000d6680000,0x00000000d6717eb8,0x00000000d6780000)
  to   space 512K, 0% used [0x00000000d6780000,0x00000000d6780000,0x00000000d6800000)
 ParOldGen       total 68608K, used 54779K [0x0000000080000000, 0x0000000084300000, 0x00000000d5580000)
  object space 68608K, 79% used [0x0000000080000000,0x000000008357ec38,0x0000000084300000)
 Metaspace       used 59553K, committed 60992K, reserved 1114112K
  class space    used 6380K, committed 6976K, reserved 1048576K
}
Event: 17.443 GC heap after
{Heap after GC invocations=61 (full 3):
 PSYoungGen      total 15872K, used 484K [0x00000000d5580000, 0x00000000d6c00000, 0x0000000100000000)
  eden space 15360K, 0% used [0x00000000d5580000,0x00000000d5580000,0x00000000d6480000)
  from space 512K, 94% used [0x00000000d6780000,0x00000000d67f9220,0x00000000d6800000)
  to   space 3072K, 0% used [0x00000000d6480000,0x00000000d6480000,0x00000000d6780000)
 ParOldGen       total 68608K, used 56602K [0x0000000080000000, 0x0000000084300000, 0x00000000d5580000)
  object space 68608K, 82% used [0x0000000080000000,0x00000000837468e8,0x0000000084300000)
 Metaspace       used 59553K, committed 60992K, reserved 1114112K
  class space    used 6380K, committed 6976K, reserved 1048576K
}
Event: 17.540 GC heap before
{Heap before GC invocations=62 (full 3):
 PSYoungGen      total 15872K, used 15844K [0x00000000d5580000, 0x00000000d6c00000, 0x0000000100000000)
  eden space 15360K, 100% used [0x00000000d5580000,0x00000000d6480000,0x00000000d6480000)
  from space 512K, 94% used [0x00000000d6780000,0x00000000d67f9220,0x00000000d6800000)
  to   space 3072K, 0% used [0x00000000d6480000,0x00000000d6480000,0x00000000d6780000)
 ParOldGen       total 68608K, used 56602K [0x0000000080000000, 0x0000000084300000, 0x00000000d5580000)
  object space 68608K, 82% used [0x0000000080000000,0x00000000837468e8,0x0000000084300000)
 Metaspace       used 59570K, committed 60992K, reserved 1114112K
  class space    used 6381K, committed 6976K, reserved 1048576K
}
Event: 17.543 GC heap after
{Heap after GC invocations=62 (full 3):
 PSYoungGen      total 16384K, used 755K [0x00000000d5580000, 0x00000000d6800000, 0x0000000100000000)
  eden space 15360K, 0% used [0x00000000d5580000,0x00000000d5580000,0x00000000d6480000)
  from space 1024K, 73% used [0x00000000d6480000,0x00000000d653cc88,0x00000000d6580000)
  to   space 1536K, 0% used [0x00000000d6680000,0x00000000d6680000,0x00000000d6800000)
 ParOldGen       total 68608K, used 57124K [0x0000000080000000, 0x0000000084300000, 0x00000000d5580000)
  object space 68608K, 83% used [0x0000000080000000,0x00000000837c9080,0x0000000084300000)
 Metaspace       used 59570K, committed 60992K, reserved 1114112K
  class space    used 6381K, committed 6976K, reserved 1048576K
}
Event: 17.606 GC heap before
{Heap before GC invocations=63 (full 3):
 PSYoungGen      total 16384K, used 16115K [0x00000000d5580000, 0x00000000d6800000, 0x0000000100000000)
  eden space 15360K, 100% used [0x00000000d5580000,0x00000000d6480000,0x00000000d6480000)
  from space 1024K, 73% used [0x00000000d6480000,0x00000000d653cc88,0x00000000d6580000)
  to   space 1536K, 0% used [0x00000000d6680000,0x00000000d6680000,0x00000000d6800000)
 ParOldGen       total 68608K, used 57124K [0x0000000080000000, 0x0000000084300000, 0x00000000d5580000)
  object space 68608K, 83% used [0x0000000080000000,0x00000000837c9080,0x0000000084300000)
 Metaspace       used 59575K, committed 60992K, reserved 1114112K
  class space    used 6381K, committed 6976K, reserved 1048576K
}
Event: 17.608 GC heap after
{Heap after GC invocations=63 (full 3):
 PSYoungGen      total 15872K, used 320K [0x00000000d5580000, 0x00000000d6700000, 0x0000000100000000)
  eden space 15360K, 0% used [0x00000000d5580000,0x00000000d5580000,0x00000000d6480000)
  from space 512K, 62% used [0x00000000d6680000,0x00000000d66d0000,0x00000000d6700000)
  to   space 1024K, 0% used [0x00000000d6500000,0x00000000d6500000,0x00000000d6600000)
 ParOldGen       total 68608K, used 57628K [0x0000000080000000, 0x0000000084300000, 0x00000000d5580000)
  object space 68608K, 83% used [0x0000000080000000,0x00000000838471f0,0x0000000084300000)
 Metaspace       used 59575K, committed 60992K, reserved 1114112K
  class space    used 6381K, committed 6976K, reserved 1048576K
}
Event: 17.677 GC heap before
{Heap before GC invocations=64 (full 3):
 PSYoungGen      total 15872K, used 15680K [0x00000000d5580000, 0x00000000d6700000, 0x0000000100000000)
  eden space 15360K, 100% used [0x00000000d5580000,0x00000000d6480000,0x00000000d6480000)
  from space 512K, 62% used [0x00000000d6680000,0x00000000d66d0000,0x00000000d6700000)
  to   space 1024K, 0% used [0x00000000d6500000,0x00000000d6500000,0x00000000d6600000)
 ParOldGen       total 68608K, used 57628K [0x0000000080000000, 0x0000000084300000, 0x00000000d5580000)
  object space 68608K, 83% used [0x0000000080000000,0x00000000838471f0,0x0000000084300000)
 Metaspace       used 59629K, committed 61056K, reserved 1114112K
  class space    used 6386K, committed 6976K, reserved 1048576K
}
Event: 17.681 GC heap after
{Heap after GC invocations=64 (full 3):
 PSYoungGen      total 16384K, used 448K [0x00000000d5580000, 0x00000000d6700000, 0x0000000100000000)
  eden space 15360K, 0% used [0x00000000d5580000,0x00000000d5580000,0x00000000d6480000)
  from space 1024K, 43% used [0x00000000d6500000,0x00000000d6570000,0x00000000d6600000)
  to   space 512K, 0% used [0x00000000d6680000,0x00000000d6680000,0x00000000d6700000)
 ParOldGen       total 68608K, used 57732K [0x0000000080000000, 0x0000000084300000, 0x00000000d5580000)
  object space 68608K, 84% used [0x0000000080000000,0x00000000838611f0,0x0000000084300000)
 Metaspace       used 59629K, committed 61056K, reserved 1114112K
  class space    used 6386K, committed 6976K, reserved 1048576K
}
Event: 17.732 GC heap before
{Heap before GC invocations=65 (full 3):
 PSYoungGen      total 16384K, used 15808K [0x00000000d5580000, 0x00000000d6700000, 0x0000000100000000)
  eden space 15360K, 100% used [0x00000000d5580000,0x00000000d6480000,0x00000000d6480000)
  from space 1024K, 43% used [0x00000000d6500000,0x00000000d6570000,0x00000000d6600000)
  to   space 512K, 0% used [0x00000000d6680000,0x00000000d6680000,0x00000000d6700000)
 ParOldGen       total 68608K, used 57732K [0x0000000080000000, 0x0000000084300000, 0x00000000d5580000)
  object space 68608K, 84% used [0x0000000080000000,0x00000000838611f0,0x0000000084300000)
 Metaspace       used 59644K, committed 61056K, reserved 1114112K
  class space    used 6388K, committed 6976K, reserved 1048576K
}
Event: 17.734 GC heap after
{Heap after GC invocations=65 (full 3):
 PSYoungGen      total 15872K, used 480K [0x00000000d5580000, 0x00000000d6700000, 0x0000000100000000)
  eden space 15360K, 0% used [0x00000000d5580000,0x00000000d5580000,0x00000000d6480000)
  from space 512K, 93% used [0x00000000d6680000,0x00000000d66f8000,0x00000000d6700000)
  to   space 512K, 0% used [0x00000000d6600000,0x00000000d6600000,0x00000000d6680000)
 ParOldGen       total 68608K, used 57868K [0x0000000080000000, 0x0000000084300000, 0x00000000d5580000)
  object space 68608K, 84% used [0x0000000080000000,0x00000000838831f0,0x0000000084300000)
 Metaspace       used 59644K, committed 61056K, reserved 1114112K
  class space    used 6388K, committed 6976K, reserved 1048576K
}
Event: 17.856 GC heap before
{Heap before GC invocations=66 (full 3):
 PSYoungGen      total 15872K, used 15840K [0x00000000d5580000, 0x00000000d6700000, 0x0000000100000000)
  eden space 15360K, 100% used [0x00000000d5580000,0x00000000d6480000,0x00000000d6480000)
  from space 512K, 93% used [0x00000000d6680000,0x00000000d66f8000,0x00000000d6700000)
  to   space 512K, 0% used [0x00000000d6600000,0x00000000d6600000,0x00000000d6680000)
 ParOldGen       total 68608K, used 57868K [0x0000000080000000, 0x0000000084300000, 0x00000000d5580000)
  object space 68608K, 84% used [0x0000000080000000,0x00000000838831f0,0x0000000084300000)
 Metaspace       used 59937K, committed 61440K, reserved 1114112K
  class space    used 6415K, committed 7040K, reserved 1048576K
}
Event: 17.860 GC heap after
{Heap after GC invocations=66 (full 3):
 PSYoungGen      total 15872K, used 496K [0x00000000d5580000, 0x00000000d6700000, 0x0000000100000000)
  eden space 15360K, 0% used [0x00000000d5580000,0x00000000d5580000,0x00000000d6480000)
  from space 512K, 97% used [0x00000000d6600000,0x00000000d667c290,0x00000000d6680000)
  to   space 512K, 0% used [0x00000000d6680000,0x00000000d6680000,0x00000000d6700000)
 ParOldGen       total 68608K, used 58265K [0x0000000080000000, 0x0000000084300000, 0x00000000d5580000)
  object space 68608K, 84% used [0x0000000080000000,0x00000000838e6670,0x0000000084300000)
 Metaspace       used 59937K, committed 61440K, reserved 1114112K
  class space    used 6415K, committed 7040K, reserved 1048576K
}

