# JRE version: Java(TM) SE Runtime Environment (26.0.1+8) (build 26.0.1+8-34)
# Java VM: Java HotSpot(TM) 64-Bit Server VM (26.0.1+8-34, mixed mode, emulated-client, sharing, tiered, compressed oops, compressed class ptrs, g1 gc, windows-amd64)
GC Precious Log:
 CardTable entry size: 512
 Card Set container configuration: InlinePtr #cards 5 size 8 Array Of Cards #cards 10 size 36 Howl #buckets 4 coarsen threshold 1843 Howl Bitmap #cards 512 size 80 coarsen threshold 460 Card regions per heap region 1 cards per card region 2048
 CPUs: 12 total, 12 available
 Memory: 6986M
 Large Page Support: Disabled
 NUMA Support: Disabled
 Compressed Oops: Enabled (32-bit)
 Heap Region Size: 1M
 Heap Min Capacity: 8M
 Heap Initial Capacity: 8M
 Heap Max Capacity: 1748M
 Pre-touch: Disabled
 Parallel Workers: 10
 Concurrent Workers: 3
 Concurrent Refinement Workers: 10
 Periodic GC: Disabled
Heap:
 garbage-first heap   total reserved 1789952K, committed 321536K, used 145106K [0x0000000092c00000, 0x0000000100000000)
  region size 1M, 0 eden (0M), 15 survivor (15M), 129 old (129M), 2 humongous (2M), 168 free (168M)
GC Heap Usage History (20 events):
Event: 806.212 {heap After GC invocations=78 (full 7):
 garbage-first heap   total reserved 1789952K, committed 860160K, used 131567K [0x0000000092c00000, 0x0000000100000000)
  region size 1M, 0 eden (0M), 11 survivor (11M), 120 old (120M), 2 humongous (2M), 707 free (707M)
}
Event: 810.643 {heap Before GC invocations=79 (full 7):
 garbage-first heap   total reserved 1789952K, committed 860160K, used 636399K [0x0000000092c00000, 0x0000000100000000)
  region size 1M, 493 eden (493M), 11 survivor (11M), 120 old (120M), 2 humongous (2M), 214 free (214M)
}
Event: 810.763 {heap After GC invocations=80 (full 7):
 garbage-first heap   total reserved 1789952K, committed 860160K, used 147548K [0x0000000092c00000, 0x0000000100000000)
  region size 1M, 0 eden (0M), 27 survivor (27M), 120 old (120M), 2 humongous (2M), 691 free (691M)
}
Event: 831.273 {heap Before GC invocations=80 (full 7):
 garbage-first heap   total reserved 1789952K, committed 860160K, used 250972K [0x0000000092c00000, 0x0000000100000000)
  region size 1M, 102 eden (102M), 27 survivor (27M), 120 old (120M), 2 humongous (2M), 589 free (589M)
}
Event: 832.338 {heap After GC invocations=81 (full 8):
 garbage-first heap   total reserved 1789952K, committed 355328K, used 99638K [0x0000000092c00000, 0x0000000100000000)
  region size 1M, 0 eden (0M), 0 survivor (0M), 102 old (102M), 2 humongous (2M), 243 free (243M)
}
Event: 836.312 {heap Before GC invocations=81 (full 8):
 garbage-first heap   total reserved 1789952K, committed 355328K, used 311606K [0x0000000092c00000, 0x0000000100000000)
  region size 1M, 208 eden (208M), 0 survivor (0M), 102 old (102M), 2 humongous (2M), 35 free (35M)
}
Event: 836.340 {heap After GC invocations=82 (full 8):
 garbage-first heap   total reserved 1789952K, committed 355328K, used 121106K [0x0000000092c00000, 0x0000000100000000)
  region size 1M, 0 eden (0M), 21 survivor (21M), 102 old (102M), 2 humongous (2M), 222 free (222M)
}
Event: 837.820 {heap Before GC invocations=83 (full 8):
 garbage-first heap   total reserved 1789952K, committed 355328K, used 310546K [0x0000000092c00000, 0x0000000100000000)
  region size 1M, 185 eden (185M), 21 survivor (21M), 102 old (102M), 2 humongous (2M), 37 free (37M)
}
Event: 837.899 {heap After GC invocations=84 (full 8):
 garbage-first heap   total reserved 1789952K, committed 355328K, used 129514K [0x0000000092c00000, 0x0000000100000000)
  region size 1M, 0 eden (0M), 11 survivor (11M), 121 old (121M), 2 humongous (2M), 213 free (213M)
}
Event: 842.214 {heap Before GC invocations=84 (full 8):
 garbage-first heap   total reserved 1789952K, committed 355328K, used 313834K [0x0000000092c00000, 0x0000000100000000)
  region size 1M, 180 eden (180M), 11 survivor (11M), 121 old (121M), 2 humongous (2M), 33 free (33M)
}
Event: 842.257 {heap After GC invocations=85 (full 8):
 garbage-first heap   total reserved 1789952K, committed 929792K, used 134397K [0x0000000092c00000, 0x0000000100000000)
  region size 1M, 0 eden (0M), 14 survivor (14M), 119 old (119M), 2 humongous (2M), 773 free (773M)
}
Event: 843.874 {heap Before GC invocations=85 (full 8):
 garbage-first heap   total reserved 1789952K, committed 929792K, used 143613K [0x0000000092c00000, 0x0000000100000000)
  region size 1M, 10 eden (10M), 14 survivor (14M), 119 old (119M), 2 humongous (2M), 763 free (763M)
}
Event: 845.757 {heap After GC invocations=86 (full 9):
 garbage-first heap   total reserved 1789952K, committed 321536K, used 90814K [0x0000000092c00000, 0x0000000100000000)
  region size 1M, 0 eden (0M), 0 survivor (0M), 92 old (92M), 2 humongous (2M), 220 free (220M)
}
Event: 847.618 {heap Before GC invocations=86 (full 9):
 garbage-first heap   total reserved 1789952K, committed 321536K, used 282302K [0x0000000092c00000, 0x0000000100000000)
  region size 1M, 188 eden (188M), 0 survivor (0M), 92 old (92M), 2 humongous (2M), 32 free (32M)
}
Event: 847.646 {heap After GC invocations=87 (full 9):
 garbage-first heap   total reserved 1789952K, committed 321536K, used 119641K [0x0000000092c00000, 0x0000000100000000)
  region size 1M, 0 eden (0M), 24 survivor (24M), 97 old (97M), 2 humongous (2M), 191 free (191M)
}
Event: 848.754 {heap Before GC invocations=88 (full 9):
 garbage-first heap   total reserved 1789952K, committed 321536K, used 279385K [0x0000000092c00000, 0x0000000100000000)
  region size 1M, 156 eden (156M), 24 survivor (24M), 97 old (97M), 2 humongous (2M), 35 free (35M)
}
Event: 848.820 {heap After GC invocations=89 (full 9):
 garbage-first heap   total reserved 1789952K, committed 321536K, used 130860K [0x0000000092c00000, 0x0000000100000000)
  region size 1M, 0 eden (0M), 11 survivor (11M), 121 old (121M), 2 humongous (2M), 180 free (180M)
}
Event: 849.415 {heap Before GC invocations=89 (full 9):
 garbage-first heap   total reserved 1789952K, committed 321536K, used 283436K [0x0000000092c00000, 0x0000000100000000)
  region size 1M, 149 eden (149M), 11 survivor (11M), 121 old (121M), 2 humongous (2M), 31 free (31M)
}
Event: 849.432 {heap After GC invocations=90 (full 9):
 garbage-first heap   total reserved 1789952K, committed 321536K, used 138081K [0x0000000092c00000, 0x0000000100000000)
  region size 1M, 0 eden (0M), 16 survivor (16M), 121 old (121M), 2 humongous (2M), 175 free (175M)
}
Event: 850.132 {heap Before GC invocations=90 (full 9):
 garbage-first heap   total reserved 1789952K, committed 321536K, used 288609K [0x0000000092c00000, 0x0000000100000000)
  region size 1M, 147 eden (147M), 16 survivor (16M), 121 old (121M), 2 humongous (2M), 28 free (28M)
}

