# JRE version: Java(TM) SE Runtime Environment (26.0.1+8) (build 26.0.1+8-34)
# Java VM: Java HotSpot(TM) 64-Bit Server VM (26.0.1+8-34, mixed mode, emulated-client, sharing, tiered, compressed oops, compressed class ptrs, g1 gc, windows-amd64)
GC Precious Log:
 CardTable entry size: 512
 Card Set container configuration: InlinePtr #cards 5 size 8 Array Of Cards #cards 10 size 36 Howl #buckets 4 coarsen threshold 1843 Howl Bitmap #cards 512 size 80 coarsen threshold 460 Card regions per heap region 1 cards per card region 2048
 CPUs: 12 total, 12 available
 Memory: 6986M
 Large Page Support: Disabled
 NUMA Support: Disabled
 Compressed Oops: Enabled (32-bit)
 Heap Region Size: 1M
 Heap Min Capacity: 8M
 Heap Initial Capacity: 8M
 Heap Max Capacity: 1748M
 Pre-touch: Disabled
 Parallel Workers: 10
 Concurrent Workers: 3
 Concurrent Refinement Workers: 10
 Periodic GC: Disabled
Heap:
 garbage-first heap   total reserved 1789952K, committed 91136K, used 62750K [0x0000000092c00000, 0x0000000100000000)
  region size 1M, 0 eden (0M), 2 survivor (2M), 58 old (58M), 2 humongous (2M), 27 free (27M)
GC Heap Usage History (20 events):
Event: 29.172 {heap After GC invocations=48 (full 0):
 garbage-first heap   total reserved 1789952K, committed 87040K, used 51475K [0x0000000092c00000, 0x0000000100000000)
  region size 1M, 0 eden (0M), 3 survivor (3M), 46 old (46M), 2 humongous (2M), 34 free (34M)
}
Event: 29.408 {heap Before GC invocations=48 (full 0):
 garbage-first heap   total reserved 1789952K, committed 87040K, used 80147K [0x0000000092c00000, 0x0000000100000000)
  region size 1M, 28 eden (28M), 3 survivor (3M), 46 old (46M), 2 humongous (2M), 6 free (6M)
}
Event: 29.412 {heap After GC invocations=49 (full 0):
 garbage-first heap   total reserved 1789952K, committed 87040K, used 51868K [0x0000000092c00000, 0x0000000100000000)
  region size 1M, 0 eden (0M), 3 survivor (3M), 46 old (46M), 2 humongous (2M), 34 free (34M)
}
Event: 30.220 {heap Before GC invocations=50 (full 0):
 garbage-first heap   total reserved 1789952K, committed 87040K, used 80540K [0x0000000092c00000, 0x0000000100000000)
  region size 1M, 28 eden (28M), 3 survivor (3M), 46 old (46M), 2 humongous (2M), 6 free (6M)
}
Event: 30.228 {heap After GC invocations=51 (full 0):
 garbage-first heap   total reserved 1789952K, committed 87040K, used 52371K [0x0000000092c00000, 0x0000000100000000)
  region size 1M, 0 eden (0M), 3 survivor (3M), 48 old (48M), 2 humongous (2M), 32 free (32M)
}
Event: 30.896 {heap Before GC invocations=51 (full 0):
 garbage-first heap   total reserved 1789952K, committed 87040K, used 80019K [0x0000000092c00000, 0x0000000100000000)
  region size 1M, 27 eden (27M), 3 survivor (3M), 48 old (48M), 2 humongous (2M), 5 free (5M)
}
Event: 30.903 {heap After GC invocations=52 (full 0):
 garbage-first heap   total reserved 1789952K, committed 87040K, used 51956K [0x0000000092c00000, 0x0000000100000000)
  region size 1M, 0 eden (0M), 3 survivor (3M), 47 old (47M), 2 humongous (2M), 33 free (33M)
}
Event: 31.471 {heap Before GC invocations=52 (full 0):
 garbage-first heap   total reserved 1789952K, committed 87040K, used 80628K [0x0000000092c00000, 0x0000000100000000)
  region size 1M, 28 eden (28M), 3 survivor (3M), 47 old (47M), 2 humongous (2M), 5 free (5M)
}
Event: 31.477 {heap After GC invocations=53 (full 0):
 garbage-first heap   total reserved 1789952K, committed 87040K, used 52364K [0x0000000092c00000, 0x0000000100000000)
  region size 1M, 0 eden (0M), 3 survivor (3M), 47 old (47M), 2 humongous (2M), 33 free (33M)
}
Event: 32.659 {heap Before GC invocations=54 (full 0):
 garbage-first heap   total reserved 1789952K, committed 87040K, used 81036K [0x0000000092c00000, 0x0000000100000000)
  region size 1M, 28 eden (28M), 3 survivor (3M), 47 old (47M), 2 humongous (2M), 5 free (5M)
}
Event: 32.669 {heap After GC invocations=55 (full 0):
 garbage-first heap   total reserved 1789952K, committed 88064K, used 55369K [0x0000000092c00000, 0x0000000100000000)
  region size 1M, 0 eden (0M), 4 survivor (4M), 49 old (49M), 2 humongous (2M), 31 free (31M)
}
Event: 33.170 {heap Before GC invocations=55 (full 0):
 garbage-first heap   total reserved 1789952K, committed 88064K, used 81993K [0x0000000092c00000, 0x0000000100000000)
  region size 1M, 26 eden (26M), 4 survivor (4M), 49 old (49M), 2 humongous (2M), 5 free (5M)
}
Event: 33.181 {heap After GC invocations=56 (full 0):
 garbage-first heap   total reserved 1789952K, committed 90112K, used 57313K [0x0000000092c00000, 0x0000000100000000)
  region size 1M, 0 eden (0M), 2 survivor (2M), 52 old (52M), 2 humongous (2M), 32 free (32M)
}
Event: 33.669 {heap Before GC invocations=56 (full 0):
 garbage-first heap   total reserved 1789952K, committed 90112K, used 83937K [0x0000000092c00000, 0x0000000100000000)
  region size 1M, 27 eden (27M), 2 survivor (2M), 52 old (52M), 2 humongous (2M), 5 free (5M)
}
Event: 33.677 {heap After GC invocations=57 (full 0):
 garbage-first heap   total reserved 1789952K, committed 90112K, used 59392K [0x0000000092c00000, 0x0000000100000000)
  region size 1M, 0 eden (0M), 4 survivor (4M), 52 old (52M), 2 humongous (2M), 30 free (30M)
}
Event: 34.492 {heap Before GC invocations=58 (full 0):
 garbage-first heap   total reserved 1789952K, committed 90112K, used 82944K [0x0000000092c00000, 0x0000000100000000)
  region size 1M, 24 eden (24M), 4 survivor (4M), 52 old (52M), 2 humongous (2M), 6 free (6M)
}
Event: 34.503 {heap After GC invocations=59 (full 0):
 garbage-first heap   total reserved 1789952K, committed 91136K, used 61128K [0x0000000092c00000, 0x0000000100000000)
  region size 1M, 0 eden (0M), 3 survivor (3M), 56 old (56M), 2 humongous (2M), 28 free (28M)
}
Event: 34.691 {heap Before GC invocations=59 (full 0):
 garbage-first heap   total reserved 1789952K, committed 91136K, used 84680K [0x0000000092c00000, 0x0000000100000000)
  region size 1M, 23 eden (23M), 3 survivor (3M), 56 old (56M), 2 humongous (2M), 5 free (5M)
}
Event: 34.698 {heap After GC invocations=60 (full 0):
 garbage-first heap   total reserved 1789952K, committed 91136K, used 62320K [0x0000000092c00000, 0x0000000100000000)
  region size 1M, 0 eden (0M), 4 survivor (4M), 56 old (56M), 2 humongous (2M), 27 free (27M)
}
Event: 34.801 {heap Before GC invocations=60 (full 0):
 garbage-first heap   total reserved 1789952K, committed 91136K, used 84848K [0x0000000092c00000, 0x0000000100000000)
  region size 1M, 22 eden (22M), 4 survivor (4M), 56 old (56M), 2 humongous (2M), 5 free (5M)
}

